<?xml version="1.0" encoding="UTF-8"?>
<coverage generated="1643302240601" clover="3.2.0">
  <project timestamp="1643302240601" name="All files">
    <metrics statements="45" coveredstatements="45" conditionals="3" coveredconditionals="3" methods="20" coveredmethods="20" elements="68" coveredelements="68" complexity="0" loc="45" ncloc="45" packages="1" files="2" classes="2"/>
    <file name="Ship.ts" path="/Users/shanemitnick/Documents/School/senior/software_engineering/hw1-handout/src/Ship.ts">
      <metrics statements="38" coveredstatements="38" conditionals="3" coveredconditionals="3" methods="17" coveredmethods="17"/>
      <line num="3" count="1" type="stmt"/>
      <line num="4" count="1" type="stmt"/>
      <line num="13" count="7" type="stmt"/>
      <line num="14" count="7" type="stmt"/>
      <line num="15" count="7" type="stmt"/>
      <line num="16" count="7" type="stmt"/>
      <line num="21" count="5" type="stmt"/>
      <line num="25" count="1" type="stmt"/>
      <line num="29" count="5" type="stmt"/>
      <line num="33" count="9" type="stmt"/>
      <line num="35" count="9" type="stmt"/>
      <line num="37" count="14" type="cond" truecount="1" falsecount="0"/>
      <line num="38" count="5" type="stmt"/>
      <line num="41" count="9" type="stmt"/>
      <line num="45" count="46" type="stmt"/>
      <line num="47" count="46" type="stmt"/>
      <line num="48" count="82" type="cond" truecount="1" falsecount="0"/>
      <line num="49" count="28" type="stmt"/>
      <line num="53" count="46" type="stmt"/>
      <line num="58" count="42" type="stmt"/>
      <line num="60" count="42" type="stmt"/>
      <line num="61" count="26" type="stmt"/>
      <line num="64" count="42" type="stmt"/>
      <line num="70" count="14" type="stmt"/>
      <line num="72" count="8" type="stmt"/>
      <line num="77" count="6" type="stmt"/>
      <line num="79" count="6" type="stmt"/>
      <line num="80" count="5" type="stmt"/>
      <line num="85" count="23" type="stmt"/>
      <line num="87" count="23" type="stmt"/>
      <line num="88" count="14" type="stmt"/>
      <line num="91" count="23" type="stmt"/>
      <line num="95" count="5" type="stmt"/>
      <line num="97" count="5" type="stmt"/>
      <line num="99" count="5" type="stmt"/>
      <line num="100" count="8" type="cond" truecount="1" falsecount="0"/>
      <line num="101" count="1" type="stmt"/>
      <line num="105" count="4" type="stmt"/>
    </file>
    <file name="Venusian.ts" path="/Users/shanemitnick/Documents/School/senior/software_engineering/hw1-handout/src/Venusian.ts">
      <metrics statements="7" coveredstatements="7" conditionals="0" coveredconditionals="0" methods="3" coveredmethods="3"/>
      <line num="1" count="1" type="stmt"/>
      <line num="2" count="1" type="stmt"/>
      <line num="9" count="4" type="stmt"/>
      <line num="10" count="4" type="stmt"/>
      <line num="11" count="4" type="stmt"/>
      <line num="15" count="114" type="stmt"/>
      <line num="19" count="5" type="stmt"/>
    </file>
  </project>
</coverage>
