{"/Users/shanemitnick/Documents/School/senior/software_engineering/hw1-handout/src/Ship.ts": {"path":"/Users/shanemitnick/Documents/School/senior/software_engineering/hw1-handout/src/Ship.ts","statementMap":{"0":{"start":{"line":13,"column":4},"end":{"line":13,"column":21}},"1":{"start":{"line":14,"column":4},"end":{"line":14,"column":31}},"2":{"start":{"line":15,"column":4},"end":{"line":15,"column":39}},"3":{"start":{"line":16,"column":4},"end":{"line":16,"column":24}},"4":{"start":{"line":21,"column":4},"end":{"line":21,"column":21}},"5":{"start":{"line":25,"column":4},"end":{"line":25,"column":26}},"6":{"start":{"line":29,"column":4},"end":{"line":29,"column":29}},"7":{"start":{"line":33,"column":23},"end":{"line":33,"column":28}},"8":{"start":{"line":35,"column":4},"end":{"line":40,"column":7}},"9":{"start":{"line":37,"column":6},"end":{"line":39,"column":null}},"10":{"start":{"line":38,"column":8},"end":{"line":38,"column":28}},"11":{"start":{"line":41,"column":4},"end":{"line":41,"column":24}},"12":{"start":{"line":45,"column":25},"end":{"line":45,"column":26}},"13":{"start":{"line":47,"column":4},"end":{"line":51,"column":7}},"14":{"start":{"line":48,"column":6},"end":{"line":50,"column":null}},"15":{"start":{"line":49,"column":8},"end":{"line":49,"column":28}},"16":{"start":{"line":53,"column":4},"end":{"line":53,"column":26}},"17":{"start":{"line":58,"column":29},"end":{"line":58,"column":30}},"18":{"start":{"line":60,"column":4},"end":{"line":62,"column":7}},"19":{"start":{"line":61,"column":6},"end":{"line":61,"column":44}},"20":{"start":{"line":64,"column":4},"end":{"line":64,"column":57}},"21":{"start":{"line":70,"column":6},"end":{"line":70,"column":43}},"22":{"start":{"line":72,"column":4},"end":{"line":72,"column":42}},"23":{"start":{"line":77,"column":4},"end":{"line":77,"column":24}},"24":{"start":{"line":79,"column":4},"end":{"line":81,"column":7}},"25":{"start":{"line":80,"column":6},"end":{"line":80,"column":27}},"26":{"start":{"line":85,"column":29},"end":{"line":85,"column":48}},"27":{"start":{"line":87,"column":4},"end":{"line":89,"column":7}},"28":{"start":{"line":88,"column":6},"end":{"line":88,"column":42}},"29":{"start":{"line":91,"column":4},"end":{"line":91,"column":15}},"30":{"start":{"line":95,"column":21},"end":{"line":95,"column":41}},"31":{"start":{"line":97,"column":22},"end":{"line":97,"column":37}},"32":{"start":{"line":99,"column":4},"end":{"line":103,"column":null}},"33":{"start":{"line":99,"column":17},"end":{"line":99,"column":18}},"34":{"start":{"line":100,"column":6},"end":{"line":102,"column":null}},"35":{"start":{"line":101,"column":8},"end":{"line":101,"column":20}},"36":{"start":{"line":105,"column":4},"end":{"line":105,"column":17}},"37":{"start":{"line":3,"column":0},"end":{"line":3,"column":21}},"38":{"start":{"line":4,"column":9},"end":{"line":4,"column":23}}},"fnMap":{"0":{"name":"(anonymous_0)","decl":{"start":{"line":12,"column":2},"end":{"line":12,"column":14}},"loc":{"start":{"line":12,"column":49},"end":{"line":17,"column":3}}},"1":{"name":"(anonymous_1)","decl":{"start":{"line":20,"column":2},"end":{"line":20,"column":9}},"loc":{"start":{"line":20,"column":9},"end":{"line":22,"column":3}}},"2":{"name":"(anonymous_2)","decl":{"start":{"line":24,"column":2},"end":{"line":24,"column":14}},"loc":{"start":{"line":24,"column":14},"end":{"line":26,"column":3}}},"3":{"name":"(anonymous_3)","decl":{"start":{"line":28,"column":2},"end":{"line":28,"column":17}},"loc":{"start":{"line":28,"column":17},"end":{"line":30,"column":3}}},"4":{"name":"(anonymous_4)","decl":{"start":{"line":32,"column":2},"end":{"line":32,"column":10}},"loc":{"start":{"line":32,"column":10},"end":{"line":42,"column":3}}},"5":{"name":"(anonymous_5)","decl":{"start":{"line":35,"column":22},"end":{"line":35,"column":28}},"loc":{"start":{"line":35,"column":31},"end":{"line":40,"column":5}}},"6":{"name":"(anonymous_6)","decl":{"start":{"line":44,"column":2},"end":{"line":44,"column":19}},"loc":{"start":{"line":44,"column":19},"end":{"line":55,"column":3}}},"7":{"name":"(anonymous_7)","decl":{"start":{"line":47,"column":22},"end":{"line":47,"column":28}},"loc":{"start":{"line":47,"column":31},"end":{"line":51,"column":5}}},"8":{"name":"(anonymous_8)","decl":{"start":{"line":57,"column":2},"end":{"line":57,"column":13}},"loc":{"start":{"line":57,"column":13},"end":{"line":65,"column":3}}},"9":{"name":"(anonymous_9)","decl":{"start":{"line":60,"column":27},"end":{"line":60,"column":28}},"loc":{"start":{"line":60,"column":31},"end":{"line":62,"column":5}}},"10":{"name":"(anonymous_10)","decl":{"start":{"line":67,"column":2},"end":{"line":67,"column":14}},"loc":{"start":{"line":67,"column":14},"end":{"line":73,"column":3}}},"11":{"name":"isWaldo","decl":{"start":{"line":69,"column":13},"end":{"line":69,"column":20}},"loc":{"start":{"line":69,"column":38},"end":{"line":71,"column":5}}},"12":{"name":"(anonymous_12)","decl":{"start":{"line":75,"column":2},"end":{"line":75,"column":18}},"loc":{"start":{"line":75,"column":18},"end":{"line":82,"column":3}}},"13":{"name":"(anonymous_13)","decl":{"start":{"line":79,"column":27},"end":{"line":79,"column":28}},"loc":{"start":{"line":79,"column":31},"end":{"line":81,"column":5}}},"14":{"name":"(anonymous_14)","decl":{"start":{"line":84,"column":2},"end":{"line":84,"column":15}},"loc":{"start":{"line":84,"column":15},"end":{"line":92,"column":3}}},"15":{"name":"(anonymous_15)","decl":{"start":{"line":87,"column":27},"end":{"line":87,"column":28}},"loc":{"start":{"line":87,"column":31},"end":{"line":89,"column":5}}},"16":{"name":"(anonymous_16)","decl":{"start":{"line":94,"column":2},"end":{"line":94,"column":20}},"loc":{"start":{"line":94,"column":20},"end":{"line":106,"column":3}}}},"branchMap":{"0":{"loc":{"start":{"line":37,"column":6},"end":{"line":39,"column":null}},"type":"if","locations":[{"start":{"line":37,"column":6},"end":{"line":39,"column":null}}]},"1":{"loc":{"start":{"line":48,"column":6},"end":{"line":50,"column":null}},"type":"if","locations":[{"start":{"line":48,"column":6},"end":{"line":50,"column":null}}]},"2":{"loc":{"start":{"line":100,"column":6},"end":{"line":102,"column":null}},"type":"if","locations":[{"start":{"line":100,"column":6},"end":{"line":102,"column":null}}]}},"s":{"0":7,"1":7,"2":7,"3":7,"4":5,"5":1,"6":5,"7":9,"8":9,"9":14,"10":5,"11":9,"12":46,"13":46,"14":82,"15":28,"16":46,"17":42,"18":42,"19":26,"20":42,"21":14,"22":8,"23":6,"24":6,"25":5,"26":23,"27":23,"28":14,"29":23,"30":5,"31":5,"32":5,"33":5,"34":8,"35":1,"36":4,"37":1,"38":1},"f":{"0":7,"1":5,"2":1,"3":5,"4":9,"5":14,"6":46,"7":82,"8":42,"9":26,"10":8,"11":14,"12":6,"13":5,"14":23,"15":14,"16":5},"b":{"0":[5],"1":[28],"2":[1]}}
,"/Users/shanemitnick/Documents/School/senior/software_engineering/hw1-handout/src/Venusian.ts": {"path":"/Users/shanemitnick/Documents/School/senior/software_engineering/hw1-handout/src/Venusian.ts","statementMap":{"0":{"start":{"line":9,"column":4},"end":{"line":9,"column":21}},"1":{"start":{"line":10,"column":4},"end":{"line":10,"column":34}},"2":{"start":{"line":11,"column":4},"end":{"line":11,"column":28}},"3":{"start":{"line":15,"column":4},"end":{"line":15,"column":21}},"4":{"start":{"line":19,"column":4},"end":{"line":19,"column":20}},"5":{"start":{"line":1,"column":0},"end":{"line":1,"column":21}},"6":{"start":{"line":2,"column":9},"end":{"line":2,"column":23}}},"fnMap":{"0":{"name":"(anonymous_0)","decl":{"start":{"line":8,"column":2},"end":{"line":8,"column":14}},"loc":{"start":{"line":8,"column":26},"end":{"line":12,"column":3}}},"1":{"name":"(anonymous_1)","decl":{"start":{"line":14,"column":2},"end":{"line":14,"column":9}},"loc":{"start":{"line":14,"column":9},"end":{"line":16,"column":3}}},"2":{"name":"(anonymous_2)","decl":{"start":{"line":18,"column":2},"end":{"line":18,"column":8}},"loc":{"start":{"line":18,"column":8},"end":{"line":20,"column":3}}}},"branchMap":{},"s":{"0":4,"1":4,"2":4,"3":114,"4":5,"5":1,"6":1},"f":{"0":4,"1":114,"2":5},"b":{}}
}
