TN:
SF:src/Ship.ts
FN:12,(anonymous_0)
FN:20,(anonymous_1)
FN:24,(anonymous_2)
FN:28,(anonymous_3)
FN:32,(anonymous_4)
FN:35,(anonymous_5)
FN:44,(anonymous_6)
FN:47,(anonymous_7)
FN:57,(anonymous_8)
FN:60,(anonymous_9)
FN:67,(anonymous_10)
FN:69,isWaldo
FN:75,(anonymous_12)
FN:79,(anonymous_13)
FN:84,(anonymous_14)
FN:87,(anonymous_15)
FN:94,(anonymous_16)
FNF:17
FNH:17
FNDA:7,(anonymous_0)
FNDA:5,(anonymous_1)
FNDA:1,(anonymous_2)
FNDA:5,(anonymous_3)
FNDA:9,(anonymous_4)
FNDA:14,(anonymous_5)
FNDA:46,(anonymous_6)
FNDA:82,(anonymous_7)
FNDA:42,(anonymous_8)
FNDA:26,(anonymous_9)
FNDA:8,(anonymous_10)
FNDA:14,isWaldo
FNDA:6,(anonymous_12)
FNDA:5,(anonymous_13)
FNDA:23,(anonymous_14)
FNDA:14,(anonymous_15)
FNDA:5,(anonymous_16)
DA:3,1
DA:4,1
DA:13,7
DA:14,7
DA:15,7
DA:16,7
DA:21,5
DA:25,1
DA:29,5
DA:33,9
DA:35,9
DA:37,14
DA:38,5
DA:41,9
DA:45,46
DA:47,46
DA:48,82
DA:49,28
DA:53,46
DA:58,42
DA:60,42
DA:61,26
DA:64,42
DA:70,14
DA:72,8
DA:77,6
DA:79,6
DA:80,5
DA:85,23
DA:87,23
DA:88,14
DA:91,23
DA:95,5
DA:97,5
DA:99,5
DA:100,8
DA:101,1
DA:105,4
LF:38
LH:38
BRDA:37,0,0,5
BRDA:48,1,0,28
BRDA:100,2,0,1
BRF:3
BRH:3
end_of_record
TN:
SF:src/Venusian.ts
FN:8,(anonymous_0)
FN:14,(anonymous_1)
FN:18,(anonymous_2)
FNF:3
FNH:3
FNDA:4,(anonymous_0)
FNDA:114,(anonymous_1)
FNDA:5,(anonymous_2)
DA:1,1
DA:2,1
DA:9,4
DA:10,4
DA:11,4
DA:15,114
DA:19,5
LF:7
LH:7
BRF:0
BRH:0
end_of_record
